<?xml version="1.0" encoding="UTF-8"?>
<!-- Generated by org.testng.reporters.JUnitReportReporter -->
<testsuite hostname="Kanwar07" failures="0" tests="3" name="com.guru99.test.TestNegativeLoginPageCred" time="30.397" errors="0" timestamp="2023-01-23T16:14:35 IST" skipped="0">
  <testcase classname="com.guru99.test.TestNegativeLoginPageCred" name="validateLoginWithNegCred" time="10.003"/>
  <system-out/>
  <testcase classname="com.guru99.test.TestNegativeLoginPageCred" name="validateLoginWithNegCred" time="10.362"/>
  <system-out/>
  <testcase classname="com.guru99.test.TestNegativeLoginPageCred" name="validateLoginWithNegCred" time="10.032"/>
  <system-out/>
</testsuite> <!-- com.guru99.test.TestNegativeLoginPageCred -->
