<?xml version="1.0" encoding="UTF-8"?>
<!-- Generated by org.testng.reporters.JUnitReportReporter -->
<testsuite hostname="Kanwar07" failures="0" tests="1" name="com.guru99.test.TestLoginPage" time="18.809" errors="0" timestamp="2023-01-23T16:14:35 IST" skipped="0">
  <testcase classname="com.guru99.test.TestLoginPage" name="testLoginWithValidCred" time="18.809"/>
  <system-out/>
</testsuite> <!-- com.guru99.test.TestLoginPage -->
