<?xml version="1.0" encoding="UTF-8"?>
<!-- Generated by org.testng.reporters.JUnitReportReporter -->
<testsuite hostname="Kanwar07" failures="0" tests="1" name="com.guru99.test.techpanda.TestTheMaxiumQuantityOfProductWhichCanBeAdded" time="12.754" errors="0" timestamp="2023-02-03T17:52:07 IST" skipped="0">
  <testcase classname="com.guru99.test.techpanda.TestTheMaxiumQuantityOfProductWhichCanBeAdded" name="checkTheMaximumOrder" time="12.754"/>
  <system-out/>
</testsuite> <!-- com.guru99.test.techpanda.TestTheMaxiumQuantityOfProductWhichCanBeAdded -->
