<?xml version="1.0" encoding="UTF-8"?>
<!-- Generated by org.testng.reporters.JUnitReportReporter -->
<testsuite hostname="Kanwar07" failures="0" tests="2" name="com.guru99.test.techpanda.TestSortTheProductsByName" time="18.618" errors="0" timestamp="2023-02-03T17:52:07 IST" skipped="0">
  <testcase classname="com.guru99.test.techpanda.TestSortTheProductsByName" name="homePageTitleTest" time="6.447"/>
  <system-out/>
  <testcase classname="com.guru99.test.techpanda.TestSortTheProductsByName" name="sortByNameTest" time="12.171"/>
  <system-out/>
</testsuite> <!-- com.guru99.test.techpanda.TestSortTheProductsByName -->
